[1/18] Starting Baseline...
[1/18] Baseline completed!
[2/18] Starting Baseline + Augmentation...
[2/18] Baseline + Augmentation completed!
[3/18] Starting Softmax Attention...
[3/18] Softmax Attention completed!
[4/18] Starting Softmax Attention + Augmentation...
[4/18] Softmax Attention + Augmentation completed!
[5/18] Starting Softmax Attention Fine-tune...
[5/18] Softmax Attention Fine-tune completed!
[6/18] Starting Softmax Attention Fine-tune + Augmentation...
[6/18] Softmax Attention Fine-tune + Augmentation completed!
[7/18] Starting SE Attention...
[7/18] SE Attention completed!
[8/18] Starting SE Attention + Augmentation...
[8/18] SE Attention + Augmentation completed!
[9/18] Starting SE Attention Fine-tune...
[9/18] SE Attention Fine-tune completed!
[10/18] Starting SE Attention Fine-tune + Augmentation...
[10/18] SE Attention Fine-tune + Augmentation completed!
[11/18] Starting CBAM...
[11/18] CBAM completed!
[12/18] Starting CBAM + Augmentation...
[12/18] CBAM + Augmentation completed!
[13/18] Starting CBAM Fine-tune...
[13/18] CBAM Fine-tune completed!
[14/18] Starting CBAM Fine-tune + Augmentation...
[14/18] CBAM Fine-tune + Augmentation completed!
[15/18] Starting Self-Attention...
[15/18] Self-Attention completed!
[16/18] Starting Self-Attention + Augmentation...
[16/18] Self-Attention + Augmentation completed!
[17/18] Starting Self-Attention Fine-tune...
[17/18] Self-Attention Fine-tune completed!
[18/18] Starting Self-Attention Fine-tune + Augmentation...
[18/18] Self-Attention Fine-tune + Augmentation completed!
All 18 experiments completed!
