GPU available: True (cuda), used: True
TPU available: False, using: 0 TPU cores
рҹ’Ў Tip: For seamless cloud logging and experiment tracking, try installing [litlogger](https://pypi.org/project/litlogger/) to enable LitLogger, which logs metrics and artifacts automatically to the Lightning Experiments platform.
wandb: WARNING The anonymous setting has no effect and will be removed in a future version.
wandb: WARNING `resume` will be ignored since W&B syncing is set to `offline`. Starting a new run with run id 04jqlwbn.
wandb: Tracking run with wandb version 0.25.1
wandb: W&B syncing is set to `offline` in this directory. Run `wandb online` or set WANDB_MODE=online to enable cloud syncing.
wandb: Run data is saved locally in wandb/offline-run-20260426_134524-04jqlwbn
/home/gtubt-lab1/miniconda3/envs/CS7643_deep_learning_project/lib/python3.11/site-packages/pytorch_lightning/callbacks/model_checkpoint.py:881: Checkpoint directory /home/gtubt-lab1/sandbox/deep_learning_project/checkpoints/vgg19_cbam_finetune exists and is not empty.
LOCAL_RANK: 0 - CUDA_VISIBLE_DEVICES: [0]
NOT LOGGED IN TO HUGGINGFACE
Please log into huggingface using 'hf auth login' in the command line with your api key
======================================================================
EXPERIMENT: cbam_finetune
======================================================================
  Model Type: VGG19 + CBAM Attention (Fine-tune)
  Augmentation: Disabled
  Training Mode: Feature Extraction (Frozen Backbone)
  Epochs: 30
  Batch Size: 64
  Learning Rate: 0.001
======================================================================

[1/5] Loading datasets...

[TRAIN] Dataset loaded:
  Total images: 4530
  - glioma: 1258
  - meningioma: 1237
  - notumor: 820
  - pituitary: 1215

[VAL] Dataset loaded:
  Total images: 502
  - glioma: 139
  - meningioma: 137
  - notumor: 91
  - pituitary: 135

[2/5] Creating transforms...
  No augmentation

[3/5] Creating datasets...
  Train batches: 71
  Val batches: 8

[4/5] Creating model...
[INFO] Unfroze layers from index 40
[INFO] Using CBAM Attention
[INFO] VGG19 frozen: 134.2M params
[INFO] Trainable params: 22.324M
	Model: VGG19 + CBAM Attention (Fine-tune)

[5/5] Setting up trainer...

======================================================================
TRAINING STARTED
======================================================================

в”Ҹв”Ғв”Ғв”Ғв”ів”Ғв”Ғв”Ғв”Ғв”Ғв”Ғв”Ғв”Ғв”Ғв”Ғв”Ғв”ів”Ғв”Ғв”Ғв”Ғв”Ғв”Ғв”Ғв”Ғв”Ғв”Ғв”Ғв”Ғв”Ғв”Ғв”Ғв”Ғв”Ғв”Ғв”Ғв”Ғв”ів”Ғв”Ғв”Ғв”Ғв”Ғв”Ғв”Ғв”Ғв”ів”Ғв”Ғв”Ғв”Ғв”Ғв”Ғв”Ғв”ів”Ғв”Ғв”Ғв”Ғв”Ғв”Ғв”Ғв”“
в”ғ   в”ғ Name      в”ғ Type               в”ғ Params в”ғ Mode  в”ғ FLOPs в”ғ
в”Ўв”Ғв”Ғв”Ғв•Үв”Ғв”Ғв”Ғв”Ғв”Ғв”Ғв”Ғв”Ғв”Ғв”Ғв”Ғв•Үв”Ғв”Ғв”Ғв”Ғв”Ғв”Ғв”Ғв”Ғв”Ғв”Ғв”Ғв”Ғв”Ғв”Ғв”Ғв”Ғв”Ғв”Ғв”Ғв”Ғв•Үв”Ғв”Ғв”Ғв”Ғв”Ғв”Ғв”Ғв”Ғв•Үв”Ғв”Ғв”Ғв”Ғв”Ғв”Ғв”Ғв•Үв”Ғв”Ғв”Ғв”Ғв”Ғв”Ғв”Ғв”©
в”Ӯ 0 в”Ӯ model     в”Ӯ VGG19CBAMAttention в”Ӯ  156 M в”Ӯ train в”Ӯ     0 в”Ӯ
в”Ӯ 1 в”Ӯ loss_fn   в”Ӯ CrossEntropyLoss   в”Ӯ      0 в”Ӯ train в”Ӯ     0 в”Ӯ
в”Ӯ 2 в”Ӯ train_acc в”Ӯ MulticlassAccuracy в”Ӯ      0 в”Ӯ train в”Ӯ     0 в”Ӯ
в”Ӯ 3 в”Ӯ val_acc   в”Ӯ MulticlassAccuracy в”Ӯ      0 в”Ӯ train в”Ӯ     0 в”Ӯ
в””в”Җв”Җв”Җв”ҙв”Җв”Җв”Җв”Җв”Җв”Җв”Җв”Җв”Җв”Җв”Җв”ҙв”Җв”Җв”Җв”Җв”Җв”Җв”Җв”Җв”Җв”Җв”Җв”Җв”Җв”Җв”Җв”Җв”Җв”Җв”Җв”Җв”ҙв”Җв”Җв”Җв”Җв”Җв”Җв”Җв”Җв”ҙв”Җв”Җв”Җв”Җв”Җв”Җв”Җв”ҙв”Җв”Җв”Җв”Җв”Җв”Җв”Җв”ҳ
Trainable params: 22.3 M                                                                                            
Non-trainable params: 134 M                                                                                         
Total params: 156 M                                                                                                 
Total estimated model params size (MB): 626                                                                         
Modules in train mode: 86                                                                                           
Modules in eval mode: 0                                                                                             
Total FLOPs: 0                                                                                                      
/home/gtubt-lab1/miniconda3/envs/CS7643_deep_learning_project/lib/python3.11/site-packages/pytorch_lightning/utilities/_pytree.py:21: `isinstance(treespec, LeafSpec)` is deprecated, use `isinstance(treespec, TreeSpec) and treespec.is_leaf()` instead.
/home/gtubt-lab1/miniconda3/envs/CS7643_deep_learning_project/lib/python3.11/site-packages/pytorch_lightning/trainer/connectors/data_connector.py:434: The 'val_dataloader' does not have many workers which may be a bottleneck. Consider increasing the value of the `num_workers` argument` to `num_workers=19` in the `DataLoader` to improve performance.
/home/gtubt-lab1/miniconda3/envs/CS7643_deep_learning_project/lib/python3.11/site-packages/pytorch_lightning/trainer/connectors/data_connector.py:434: The 'train_dataloader' does not have many workers which may be a bottleneck. Consider increasing the value of the `num_workers` argument` to `num_workers=19` in the `DataLoader` to improve performance.
`Trainer.fit` stopped: `max_epochs=30` reached.

======================================================================
EXPERIMENT 'vgg19_cbam_finetune' COMPLETED
  Best Validation Accuracy: 0.9741
  Checkpoint: /home/gtubt-lab1/sandbox/deep_learning_project/checkpoints/vgg19_cbam_finetune/best-epoch=17-val_acc=0.9741.ckpt
======================================================================

======================================================================
GENERATING GRADCAM VISUALIZATIONS
======================================================================
Generating GradCAM Examples by Class:   0%|          | 0/4 [00:00<?, ?it/s]Generating GradCAM Examples by Class:  25%|в–Ҳв–Ҳв–Ң       | 1/4 [00:00<00:00,  3.00it/s]Generating GradCAM Examples by Class:  50%|в–Ҳв–Ҳв–Ҳв–Ҳв–Ҳ     | 2/4 [00:00<00:00,  3.34it/s]Generating GradCAM Examples by Class:  75%|в–Ҳв–Ҳв–Ҳв–Ҳв–Ҳв–Ҳв–Ҳв–Ң  | 3/4 [00:00<00:00,  3.00it/s]Generating GradCAM Examples by Class: 100%|в–Ҳв–Ҳв–Ҳв–Ҳв–Ҳв–Ҳв–Ҳв–Ҳв–Ҳв–Ҳ| 4/4 [00:01<00:00,  3.24it/s]Generating GradCAM Examples by Class: 100%|в–Ҳв–Ҳв–Ҳв–Ҳв–Ҳв–Ҳв–Ҳв–Ҳв–Ҳв–Ҳ| 4/4 [00:01<00:00,  3.19it/s]
Generating Misclassified Examples:   0%|          | 0/3 [00:00<?, ?it/s]Generating Misclassified Examples:  33%|в–Ҳв–Ҳв–Ҳв–Һ      | 1/3 [00:00<00:01,  1.18it/s]Generating Misclassified Examples: 100%|в–Ҳв–Ҳв–Ҳв–Ҳв–Ҳв–Ҳв–Ҳв–Ҳв–Ҳв–Ҳ| 3/3 [00:01<00:00,  2.47it/s]Generating Misclassified Examples: 100%|в–Ҳв–Ҳв–Ҳв–Ҳв–Ҳв–Ҳв–Ҳв–Ҳв–Ҳв–Ҳ| 3/3 [00:01<00:00,  2.23it/s]
Generating Confusion Matrix:   0%|          | 0/8 [00:00<?, ?it/s]Generating Confusion Matrix:  12%|в–Ҳв–Һ        | 1/8 [00:00<00:01,  5.57it/s]Generating Confusion Matrix:  25%|в–Ҳв–Ҳв–Ң       | 2/8 [00:00<00:01,  5.62it/s]Generating Confusion Matrix:  38%|в–Ҳв–Ҳв–Ҳв–Ҡ      | 3/8 [00:00<00:00,  5.64it/s]Generating Confusion Matrix:  50%|в–Ҳв–Ҳв–Ҳв–Ҳв–Ҳ     | 4/8 [00:00<00:00,  5.61it/s]Generating Confusion Matrix:  62%|в–Ҳв–Ҳв–Ҳв–Ҳв–Ҳв–Ҳв–Һ   | 5/8 [00:00<00:00,  5.80it/s]Generating Confusion Matrix:  75%|в–Ҳв–Ҳв–Ҳв–Ҳв–Ҳв–Ҳв–Ҳв–Ң  | 6/8 [00:01<00:00,  5.85it/s]Generating Confusion Matrix:  88%|в–Ҳв–Ҳв–Ҳв–Ҳв–Ҳв–Ҳв–Ҳв–Ҳв–Ҡ | 7/8 [00:01<00:00,  5.68it/s]Generating Confusion Matrix: 100%|в–Ҳв–Ҳв–Ҳв–Ҳв–Ҳв–Ҳв–Ҳв–Ҳв–Ҳв–Ҳ| 8/8 [00:01<00:00,  5.91it/s]Generating Confusion Matrix: 100%|в–Ҳв–Ҳв–Ҳв–Ҳв–Ҳв–Ҳв–Ҳв–Ҳв–Ҳв–Ҳ| 8/8 [00:01<00:00,  5.78it/s]
======================================================================

GradCAM visualizations saved to: gradcam_examples/vgg19_cbam_finetune/best-epoch=17-val_acc=0.9741
[1;34mwandb[0m: 
[1;34mwandb[0m: You can sync this run to the cloud by running:
[1;34mwandb[0m: [1mwandb sync wandb/offline-run-20260426_134524-04jqlwbn[0m
