Seed set to 42
GPU available: True (cuda), used: True
TPU available: False, using: 0 TPU cores
💡 Tip: For seamless cloud logging and experiment tracking, try installing [litlogger](https://pypi.org/project/litlogger/) to enable LitLogger, which logs metrics and artifacts automatically to the Lightning Experiments platform.
wandb: WARNING The anonymous setting has no effect and will be removed in a future version.
wandb: WARNING `resume` will be ignored since W&B syncing is set to `offline`. Starting a new run with run id lgmcijbz.
wandb: Tracking run with wandb version 0.25.1
wandb: W&B syncing is set to `offline` in this directory. Run `wandb online` or set WANDB_MODE=online to enable cloud syncing.
wandb: Run data is saved locally in wandb/offline-run-20260427_182300-lgmcijbz
LOCAL_RANK: 0 - CUDA_VISIBLE_DEVICES: [0]
NOT LOGGED IN TO HUGGINGFACE
Please log into huggingface using 'hf auth login' in the command line with your api key
======================================================================
EXPERIMENT: self_attention_finetune
======================================================================
  Model Type: VGG19 + Self Attention (Fine-tune)
  Augmentation: Disabled
  Training Mode: Feature Extraction (Frozen Backbone)
  Epochs: 30
  Batch Size: 64
  Learning Rate: 0.001
  Seed: 42
======================================================================

[1/5] Loading datasets...

[TRAIN] Dataset loaded:
  Total images: 4530
  - glioma: 1258
  - meningioma: 1237
  - notumor: 820
  - pituitary: 1215

[VAL] Dataset loaded:
  Total images: 502
  - glioma: 139
  - meningioma: 137
  - notumor: 91
  - pituitary: 135

[2/5] Creating transforms...
  No augmentation

[3/5] Creating datasets...
  Train batches: 71
  Val batches: 8

[4/5] Creating model...
[INFO] Unfroze layers from index 40
[INFO] Using Self-Attention
[INFO] VGG19 frozen: 134.2M params
[INFO] Trainable params: 22.619M
	Model: VGG19 + Self Attention (Fine-tune)

[5/5] Setting up trainer...

======================================================================
TRAINING STARTED
======================================================================

┏━━━┳━━━━━━━━━━━┳━━━━━━━━━━━━━━━━━━━━┳━━━━━━━━┳━━━━━━━┳━━━━━━━┓
┃   ┃ Name      ┃ Type               ┃ Params ┃ Mode  ┃ FLOPs ┃
┡━━━╇━━━━━━━━━━━╇━━━━━━━━━━━━━━━━━━━━╇━━━━━━━━╇━━━━━━━╇━━━━━━━┩
│ 0 │ model     │ VGG19SelfAttention │  156 M │ train │     0 │
│ 1 │ loss_fn   │ CrossEntropyLoss   │      0 │ train │     0 │
│ 2 │ train_acc │ MulticlassAccuracy │      0 │ train │     0 │
│ 3 │ val_acc   │ MulticlassAccuracy │      0 │ train │     0 │
└───┴───────────┴────────────────────┴────────┴───────┴───────┘
Trainable params: 22.6 M                                                                                                                                                                                                    
Non-trainable params: 134 M                                                                                                                                                                                                 
Total params: 156 M                                                                                                                                                                                                         
Total estimated model params size (MB): 627                                                                                                                                                                                 
Modules in train mode: 80                                                                                                                                                                                                   
Modules in eval mode: 0                                                                                                                                                                                                     
Total FLOPs: 0                                                                                                                                                                                                              
/home/gtubt-lab1/miniconda3/envs/CS7643_deep_learning_project/lib/python3.11/site-packages/pytorch_lightning/utilities/_pytree.py:21: `isinstance(treespec, LeafSpec)` is deprecated, use `isinstance(treespec, TreeSpec) and treespec.is_leaf()` instead.
/home/gtubt-lab1/miniconda3/envs/CS7643_deep_learning_project/lib/python3.11/site-packages/pytorch_lightning/trainer/connectors/data_connector.py:434: The 'val_dataloader' does not have many workers which may be a bottleneck. Consider increasing the value of the `num_workers` argument` to `num_workers=19` in the `DataLoader` to improve performance.
/home/gtubt-lab1/miniconda3/envs/CS7643_deep_learning_project/lib/python3.11/site-packages/pytorch_lightning/trainer/connectors/data_connector.py:434: The 'train_dataloader' does not have many workers which may be a bottleneck. Consider increasing the value of the `num_workers` argument` to `num_workers=19` in the `DataLoader` to improve performance.
/home/gtubt-lab1/miniconda3/envs/CS7643_deep_learning_project/lib/python3.11/site-packages/torch/autograd/graph.py:869: UserWarning: adaptive_avg_pool2d_backward_cuda does not have a deterministic implementation, but you set 'torch.use_deterministic_algorithms(True, warn_only=True)'. You can file an issue at https://github.com/pytorch/pytorch/issues to help us prioritize adding deterministic support for this operation. (Triggered internally at /pytorch/aten/src/ATen/Context.cpp:160.)
  return Variable._execution_engine.run_backward(  # Calls into the C++ engine to run the backward pass
`Trainer.fit` stopped: `max_epochs=30` reached.

======================================================================
EXPERIMENT 'vgg19_self_attention_finetune' COMPLETED
  Best Validation Accuracy: 0.9661
  Checkpoint: /home/gtubt-lab1/sandbox/deep_learning_project/checkpoints/vgg19_self_attention_finetune/best-epoch=11-val_acc=0.9661.ckpt
======================================================================

======================================================================
GENERATING GRADCAM VISUALIZATIONS
======================================================================
Generating GradCAM Examples by Class:   0%|          | 0/4 [00:00<?, ?it/s]Generating GradCAM Examples by Class:  25%|██▌       | 1/4 [00:00<00:01,  2.97it/s]Generating GradCAM Examples by Class:  50%|█████     | 2/4 [00:00<00:00,  3.37it/s]Generating GradCAM Examples by Class:  75%|███████▌  | 3/4 [00:00<00:00,  3.01it/s]Generating GradCAM Examples by Class: 100%|██████████| 4/4 [00:01<00:00,  3.25it/s]Generating GradCAM Examples by Class: 100%|██████████| 4/4 [00:01<00:00,  3.20it/s]
Generating Misclassified Examples:   0%|          | 0/3 [00:00<?, ?it/s]Generating Misclassified Examples:  33%|███▎      | 1/3 [00:00<00:01,  1.33it/s]Generating Misclassified Examples:  67%|██████▋   | 2/3 [00:00<00:00,  2.46it/s]Generating Misclassified Examples: 100%|██████████| 3/3 [00:01<00:00,  2.98it/s]
Generating Confusion Matrix:   0%|          | 0/8 [00:00<?, ?it/s]Generating Confusion Matrix:  12%|█▎        | 1/8 [00:00<00:01,  5.51it/s]Generating Confusion Matrix:  25%|██▌       | 2/8 [00:00<00:01,  5.50it/s]Generating Confusion Matrix:  38%|███▊      | 3/8 [00:00<00:00,  5.50it/s]Generating Confusion Matrix:  50%|█████     | 4/8 [00:00<00:00,  5.51it/s]Generating Confusion Matrix:  62%|██████▎   | 5/8 [00:00<00:00,  5.70it/s]Generating Confusion Matrix:  75%|███████▌  | 6/8 [00:01<00:00,  5.74it/s]Generating Confusion Matrix:  88%|████████▊ | 7/8 [00:01<00:00,  5.53it/s]Generating Confusion Matrix: 100%|██████████| 8/8 [00:01<00:00,  5.76it/s]Generating Confusion Matrix: 100%|██████████| 8/8 [00:01<00:00,  5.65it/s]
======================================================================

GradCAM visualizations saved to: gradcam_examples/vgg19_self_attention_finetune/best-epoch=11-val_acc=0.9661
[1;34mwandb[0m: 
[1;34mwandb[0m: You can sync this run to the cloud by running:
[1;34mwandb[0m: [1mwandb sync wandb/offline-run-20260427_182300-lgmcijbz[0m
