GPU available: True (cuda), used: True
TPU available: False, using: 0 TPU cores
💡 Tip: For seamless cloud logging and experiment tracking, try installing [litlogger](https://pypi.org/project/litlogger/) to enable LitLogger, which logs metrics and artifacts automatically to the Lightning Experiments platform.
/home/gtubt-lab1/miniconda3/envs/CS7643_deep_learning_project/lib/python3.11/site-packages/pytorch_lightning/callbacks/model_checkpoint.py:881: Checkpoint directory /home/gtubt-lab1/sandbox/deep_learning_project/checkpoints/vgg19_softmax_attention exists and is not empty.
LOCAL_RANK: 0 - CUDA_VISIBLE_DEVICES: [0]

  | Name      | Type               | Params | Mode  | FLOPs
-----------------------------------------------------------------
0 | model     | VGG19Model         | 156 M  | train | 0    
1 | loss_fn   | CrossEntropyLoss   | 0      | train | 0    
2 | train_acc | MulticlassAccuracy | 0      | train | 0    
3 | val_acc   | MulticlassAccuracy | 0      | train | 0    
-----------------------------------------------------------------
12.8 M    Trainable params
143 M     Non-trainable params
156 M     Total params
626.106   Total estimated model params size (MB)
77        Modules in train mode
0         Modules in eval mode
0         Total Flops
/home/gtubt-lab1/miniconda3/envs/CS7643_deep_learning_project/lib/python3.11/site-packages/pytorch_lightning/utilities/_pytree.py:21: `isinstance(treespec, LeafSpec)` is deprecated, use `isinstance(treespec, TreeSpec) and treespec.is_leaf()` instead.
======================================================================
EXPERIMENT: softmax_attention
======================================================================
  Model Type: softmax_attention
  Augmentation: Disabled
  Training Mode: Feature Extraction (Frozen Backbone)
  Epochs: 30
  Batch Size: 64
  Learning Rate: 0.001
======================================================================

[1/5] Loading datasets...

[TRAIN] Dataset loaded:
  Total images: 4530
  - glioma: 1258
  - meningioma: 1237
  - notumor: 820
  - pituitary: 1215

[VAL] Dataset loaded:
  Total images: 502
  - glioma: 139
  - meningioma: 137
  - notumor: 91
  - pituitary: 135

[2/5] Creating transforms...
  No augmentation

[3/5] Creating datasets...
  Train batches: 71
  Val batches: 8

[4/5] Creating model...
[INFO] Using Softmax Attention
[INFO] Total params: 156.5M
[INFO] Frozen params: 143.7M
[INFO] Trainable params: 12.848M
  Model: VGG19 + Softmax Attention (Frozen)

[5/5] Setting up trainer...

======================================================================
TRAINING STARTED
======================================================================

Epoch 0, global step 71: 'val_acc' reached 0.83466 (best 0.83466), saving model to '/home/gtubt-lab1/sandbox/deep_learning_project/checkpoints/vgg19_softmax_attention/best-epoch=00-val_acc=0.8347.ckpt' as top 1
Epoch 1, global step 142: 'val_acc' reached 0.86853 (best 0.86853), saving model to '/home/gtubt-lab1/sandbox/deep_learning_project/checkpoints/vgg19_softmax_attention/best-epoch=01-val_acc=0.8685.ckpt' as top 1
Epoch 2, global step 213: 'val_acc' reached 0.88048 (best 0.88048), saving model to '/home/gtubt-lab1/sandbox/deep_learning_project/checkpoints/vgg19_softmax_attention/best-epoch=02-val_acc=0.8805.ckpt' as top 1
Epoch 3, global step 284: 'val_acc' reached 0.89044 (best 0.89044), saving model to '/home/gtubt-lab1/sandbox/deep_learning_project/checkpoints/vgg19_softmax_attention/best-epoch=03-val_acc=0.8904.ckpt' as top 1
Epoch 4, global step 355: 'val_acc' reached 0.89841 (best 0.89841), saving model to '/home/gtubt-lab1/sandbox/deep_learning_project/checkpoints/vgg19_softmax_attention/best-epoch=04-val_acc=0.8984.ckpt' as top 1
Epoch 5, global step 426: 'val_acc' reached 0.90438 (best 0.90438), saving model to '/home/gtubt-lab1/sandbox/deep_learning_project/checkpoints/vgg19_softmax_attention/best-epoch=05-val_acc=0.9044.ckpt' as top 1
Epoch 6, global step 497: 'val_acc' reached 0.90637 (best 0.90637), saving model to '/home/gtubt-lab1/sandbox/deep_learning_project/checkpoints/vgg19_softmax_attention/best-epoch=06-val_acc=0.9064.ckpt' as top 1
Epoch 7, global step 568: 'val_acc' was not in top 1
Epoch 8, global step 639: 'val_acc' reached 0.91434 (best 0.91434), saving model to '/home/gtubt-lab1/sandbox/deep_learning_project/checkpoints/vgg19_softmax_attention/best-epoch=08-val_acc=0.9143.ckpt' as top 1
Epoch 9, global step 710: 'val_acc' reached 0.92032 (best 0.92032), saving model to '/home/gtubt-lab1/sandbox/deep_learning_project/checkpoints/vgg19_softmax_attention/best-epoch=09-val_acc=0.9203.ckpt' as top 1
Epoch 10, global step 781: 'val_acc' was not in top 1
Epoch 11, global step 852: 'val_acc' was not in top 1
Epoch 12, global step 923: 'val_acc' reached 0.92231 (best 0.92231), saving model to '/home/gtubt-lab1/sandbox/deep_learning_project/checkpoints/vgg19_softmax_attention/best-epoch=12-val_acc=0.9223.ckpt' as top 1
Epoch 13, global step 994: 'val_acc' reached 0.92629 (best 0.92629), saving model to '/home/gtubt-lab1/sandbox/deep_learning_project/checkpoints/vgg19_softmax_attention/best-epoch=13-val_acc=0.9263.ckpt' as top 1
Epoch 14, global step 1065: 'val_acc' was not in top 1
Epoch 15, global step 1136: 'val_acc' reached 0.93028 (best 0.93028), saving model to '/home/gtubt-lab1/sandbox/deep_learning_project/checkpoints/vgg19_softmax_attention/best-epoch=15-val_acc=0.9303.ckpt' as top 1
Epoch 16, global step 1207: 'val_acc' was not in top 1
Epoch 17, global step 1278: 'val_acc' was not in top 1
Epoch 18, global step 1349: 'val_acc' was not in top 1
Epoch 19, global step 1420: 'val_acc' was not in top 1
Epoch 20, global step 1491: 'val_acc' was not in top 1
Epoch 21, global step 1562: 'val_acc' reached 0.93825 (best 0.93825), saving model to '/home/gtubt-lab1/sandbox/deep_learning_project/checkpoints/vgg19_softmax_attention/best-epoch=21-val_acc=0.9382.ckpt' as top 1
Epoch 22, global step 1633: 'val_acc' was not in top 1
Epoch 23, global step 1704: 'val_acc' was not in top 1
Epoch 24, global step 1775: 'val_acc' was not in top 1
Epoch 25, global step 1846: 'val_acc' was not in top 1
Epoch 26, global step 1917: 'val_acc' was not in top 1
Epoch 27, global step 1988: 'val_acc' was not in top 1
Epoch 28, global step 2059: 'val_acc' was not in top 1
Epoch 29, global step 2130: 'val_acc' was not in top 1
`Trainer.fit` stopped: `max_epochs=30` reached.

======================================================================
EXPERIMENT 'vgg19_softmax_attention' COMPLETED
  Best Validation Accuracy: 0.9382
  Checkpoint: /home/gtubt-lab1/sandbox/deep_learning_project/checkpoints/vgg19_softmax_attention/best-epoch=21-val_acc=0.9382.ckpt
======================================================================
